Script started
$_POST contents: Array
(
    [naam] => jos
    [achternaam] => 
    [email] => rjvelemail@gmail.com
    [telefoonnummer] => 
    [subject] => meergeluk.com mail van 
    [bericht] => Ik wil graag meer informatie over ..
    [g-recaptcha-response] => 
)

Inside if statement
Script started
$_POST contents: Array
(
    [naam] => jos
    [achternaam] => 
    [email] => rjvelemail@gmail.com
    [telefoonnummer] => 
    [subject] => meergeluk.com mail van 
    [bericht] => Ik wil graag meer informatie over ..
    [g-recaptcha-response] => 
)

Inside if statement
Script started
$_POST contents: Array
(
    [naam] => ihjdsa
    [achternaam] => 
    [email] => rjvelemail@gmail.com
    [telefoonnummer] => 
    [subject] => meergeluk.com mail van 
    [bericht] => Ik wil graag meer informatie over ..
    [g-recaptcha-response] => 
)

Inside if statement
Script started
$_POST contents: Array
(
    [naam] => ihjdsa
    [achternaam] => 
    [email] => rjvelemail@gmail.com
    [telefoonnummer] => 
    [subject] => meergeluk.com mail van 
    [bericht] => Ik wil graag meer informatie over ..
    [g-recaptcha-response] => 
)

Inside if statement
Script started
$_POST contents: Array
(
    [naam] => joa
    [achternaam] => 
    [email] => rjvelemail@gmail.com
    [telefoonnummer] => 
    [subject] => meergeluk.com mail van 
    [bericht] => Ik wil graag meer informatie over ..
    [g-recaptcha-response] => 
)

Inside if statement
Script started
$_POST contents: Array
(
    [naam] => joa
    [achternaam] => 
    [email] => rjvelemail@gmail.com
    [telefoonnummer] => 
    [subject] => meergeluk.com mail van 
    [bericht] => Ik wil graag meer informatie over ..
    [g-recaptcha-response] => 
)

Inside if statement
Script started
$_POST contents: Array
(
    [naam] => joa
    [achternaam] => 
    [email] => rjvelemail@gmail.com
    [telefoonnummer] => 
    [subject] => meergeluk.com mail van 
    [bericht] => Ik wil graag meer informatie over ..
    [g-recaptcha-response] => 
)

Inside if statement
Script started
$_POST contents: Array
(
    [naam] => joa
    [achternaam] => 
    [email] => rjvelemail@gmail.com
    [telefoonnummer] => 
    [subject] => meergeluk.com mail van 
    [bericht] => Ik wil graag meer informatie over ..
    [g-recaptcha-response] => 
)

Inside if statement
